{'cbconf': '1', 'confpath': '$SPLUNK_HOME/etc/apps/create-my-certificate-please/myconfs/sender.conf'}
{'servername': 'splunk-sender', 'L': 'Munich', 'subjstr': '/C=DE/ST=By/L=Munich/O=Evil Corp/OU=RnD/CN=some common name', 'cbsplunkweb': '0', 'APP_HOME': '/opt/splunk/etc/apps/create-my-certificate-please', 'OU': 'RnD', 'pw': 'serverpassword', 'ST': 'By', 'O': 'Evil Corp', 'cbconf': '1', 'SPLUNK_HOME': '/opt/splunk', 'confpath': '/opt/splunk/etc/apps/create-my-certificate-please/myconfs/sender.conf', 'capw': 'capassword', 'C': 'DE', 'caname': 'CA_myca', 'CN': 'some common name'}
{'cbconf': '1', 'confpath': '$SPLUNK_HOME/etc/apps/create-my-certificate-please/myconfs/sender.conf', 'apptype': 'sender'}
{'capw': 'capassword', 'appspath': '/opt/splunk/etc/apps/create-my-certificate-please/apps', 'CN': 'some common name', 'apptype': 'sender', 'ST': 'By', 'subjstr': '/C=DE/ST=By/L=Munich/O=Evil Corp/OU=RnD/CN=some common name', 'cbconf': '1', 'servername': 'splunk-sender', 'cbsplunkweb': '0', 'C': 'DE', 'pw': 'serverpassword', 'OU': 'RnD', 'confpath': '/opt/splunk/etc/apps/create-my-certificate-please/myconfs/sender.conf', 'APP_HOME': '/opt/splunk/etc/apps/create-my-certificate-please', 'SPLUNK_HOME': '/opt/splunk', 'caname': 'CA_myca', 'L': 'Munich', 'O': 'Evil Corp'}
ok
{'cbconf': '1', 'confpath': '$SPLUNK_HOME/etc/apps/create-my-certificate-please/myconfs/receiver.conf'}
{'CN': 'some common name', 'OU': 'RnD', 'caname': 'CA_myca', 'SPLUNK_HOME': '/opt/splunk', 'servername': 'splunk-receiver', 'cbconf': '1', 'ST': 'By', 'confpath': '/opt/splunk/etc/apps/create-my-certificate-please/myconfs/receiver.conf', 'C': 'DE', 'APP_HOME': '/opt/splunk/etc/apps/create-my-certificate-please', 'L': 'Munich', 'subjstr': '/C=DE/ST=By/L=Munich/O=Evil Corp/OU=RnD/CN=some common name', 'pw': 'serverpassword', 'O': 'Evil Corp', 'capw': 'capassword', 'cbsplunkweb': '0'}
{'confpath': '$SPLUNK_HOME/etc/apps/create-my-certificate-please/myconfs/receiver.conf', 'cbconf': '1', 'apptype': 'receiver'}
{'capw': 'capassword', 'OU': 'RnD', 'L': 'Munich', 'subjstr': '/C=DE/ST=By/L=Munich/O=Evil Corp/OU=RnD/CN=some common name', 'caname': 'CA_myca', 'servername': 'splunk-receiver', 'APP_HOME': '/opt/splunk/etc/apps/create-my-certificate-please', 'C': 'DE', 'CN': 'some common name', 'O': 'Evil Corp', 'cbsplunkweb': '0', 'SPLUNK_HOME': '/opt/splunk', 'appspath': '/opt/splunk/etc/apps/create-my-certificate-please/apps', 'cbconf': '1', 'ST': 'By', 'pw': 'serverpassword', 'confpath': '/opt/splunk/etc/apps/create-my-certificate-please/myconfs/receiver.conf', 'apptype': 'receiver'}
ok
{'cbconf': '1', 'confpath': '$SPLUNK_HOME/etc/apps/create-my-certificate-please/myconfs/sender.conf'}
{'C': 'DE', 'ST': 'By', 'OU': 'RnD', 'capw': 'capassword', 'O': 'Evil Corp', 'subjstr': '/C=DE/ST=By/L=Munich/O=Evil Corp/OU=RnD/CN=some common name', 'confpath': '/opt/splunk/etc/apps/create-my-certificate-please/myconfs/sender.conf', 'servername': 'splunk-sender', 'cbconf': '1', 'CN': 'some common name', 'pw': 'serverpassword', 'caname': 'CA_myca', 'APP_HOME': '/opt/splunk/etc/apps/create-my-certificate-please', 'SPLUNK_HOME': '/opt/splunk', 'cbsplunkweb': '0', 'L': 'Munich'}
{'confpath': '$SPLUNK_HOME/etc/apps/create-my-certificate-please/myconfs/sender.conf', 'cbconf': '1', 'apptype': 'sender'}
{'C': 'DE', 'APP_HOME': '/opt/splunk/etc/apps/create-my-certificate-please', 'confpath': '/opt/splunk/etc/apps/create-my-certificate-please/myconfs/sender.conf', 'apptype': 'sender', 'pw': 'serverpassword', 'cbsplunkweb': '0', 'SPLUNK_HOME': '/opt/splunk', 'OU': 'RnD', 'caname': 'CA_myca', 'O': 'Evil Corp', 'L': 'Munich', 'ST': 'By', 'capw': 'capassword', 'servername': 'splunk-sender', 'subjstr': '/C=DE/ST=By/L=Munich/O=Evil Corp/OU=RnD/CN=some common name', 'CN': 'some common name', 'cbconf': '1', 'appspath': '/opt/splunk/etc/apps/create-my-certificate-please/apps'}
ok
{'cbconf': '1', 'confpath': '$SPLUNK_HOME/etc/apps/create-my-certificate-please/myconfs/receiver.conf'}
{'SPLUNK_HOME': '/opt/splunk', 'subjstr': '/C=DE/ST=By/L=Munich/O=Evil Corp/OU=RnD/CN=some common name', 'cbconf': '1', 'CN': 'some common name', 'cbsplunkweb': '0', 'servername': 'splunk-receiver', 'confpath': '/opt/splunk/etc/apps/create-my-certificate-please/myconfs/receiver.conf', 'pw': 'serverpassword', 'OU': 'RnD', 'capw': 'capassword', 'O': 'Evil Corp', 'caname': 'CA_myca', 'L': 'Munich', 'C': 'DE', 'APP_HOME': '/opt/splunk/etc/apps/create-my-certificate-please', 'ST': 'By'}
{'confpath': '$SPLUNK_HOME/etc/apps/create-my-certificate-please/myconfs/receiver.conf', 'cbconf': '1', 'apptype': 'receiver'}
{'CN': 'some common name', 'APP_HOME': '/opt/splunk/etc/apps/create-my-certificate-please', 'caname': 'CA_myca', 'L': 'Munich', 'OU': 'RnD', 'servername': 'splunk-receiver', 'confpath': '/opt/splunk/etc/apps/create-my-certificate-please/myconfs/receiver.conf', 'capw': 'capassword', 'cbconf': '1', 'O': 'Evil Corp', 'pw': 'serverpassword', 'SPLUNK_HOME': '/opt/splunk', 'cbsplunkweb': '0', 'subjstr': '/C=DE/ST=By/L=Munich/O=Evil Corp/OU=RnD/CN=some common name', 'ST': 'By', 'apptype': 'receiver', 'appspath': '/opt/splunk/etc/apps/create-my-certificate-please/apps', 'C': 'DE'}
ok
{'confpath': '$SPLUNK_HOME/etc/apps/create-my-certificate-please/myconfs/sender.conf', 'cbconf': '1'}
{'cbconf': '1', 'pw': 'serverpassword', 'cbsplunkweb': '0', 'subjstr': '/C=DE/ST=By/L=Munich/O=Evil Corp/OU=RnD/CN=some common name', 'capw': 'capassword', 'OU': 'RnD', 'ST': 'By', 'CN': 'some common name', 'servername': 'splunk-sender', 'SPLUNK_HOME': '/opt/splunk', 'confpath': '/opt/splunk/etc/apps/create-my-certificate-please/myconfs/sender.conf', 'O': 'Evil Corp', 'APP_HOME': '/opt/splunk/etc/apps/create-my-certificate-please', 'L': 'Munich', 'caname': 'CA_myca', 'C': 'DE'}
{'apptype': 'sender', 'confpath': '$SPLUNK_HOME/etc/apps/create-my-certificate-please/myconfs/sender.conf', 'cbconf': '1'}
{'apptype': 'sender', 'capw': 'capassword', 'servername': 'splunk-sender', 'CN': 'some common name', 'L': 'Munich', 'cbconf': '1', 'pw': 'serverpassword', 'SPLUNK_HOME': '/opt/splunk', 'ST': 'By', 'C': 'DE', 'appspath': '/opt/splunk/etc/apps/create-my-certificate-please/apps', 'O': 'Evil Corp', 'confpath': '/opt/splunk/etc/apps/create-my-certificate-please/myconfs/sender.conf', 'OU': 'RnD', 'APP_HOME': '/opt/splunk/etc/apps/create-my-certificate-please', 'cbsplunkweb': '0', 'caname': 'CA_myca', 'subjstr': '/C=DE/ST=By/L=Munich/O=Evil Corp/OU=RnD/CN=some common name'}
ok
{'cbconf': '1', 'confpath': '$SPLUNK_HOME/etc/apps/create-my-certificate-please/myconfs/receiver.conf'}
{'confpath': '/opt/splunk/etc/apps/create-my-certificate-please/myconfs/receiver.conf', 'pw': 'serverpassword', 'cbconf': '1', 'SPLUNK_HOME': '/opt/splunk', 'subjstr': '/C=DE/ST=By/L=Munich/O=Evil Corp/OU=RnD/CN=some common name', 'cbsplunkweb': '0', 'CN': 'some common name', 'C': 'DE', 'ST': 'By', 'APP_HOME': '/opt/splunk/etc/apps/create-my-certificate-please', 'O': 'Evil Corp', 'caname': 'CA_myca', 'L': 'Munich', 'OU': 'RnD', 'capw': 'capassword', 'servername': 'splunk-receiver'}
{'cbconf': '1', 'apptype': 'receiver', 'confpath': '$SPLUNK_HOME/etc/apps/create-my-certificate-please/myconfs/receiver.conf'}
{'OU': 'RnD', 'ST': 'By', 'SPLUNK_HOME': '/opt/splunk', 'subjstr': '/C=DE/ST=By/L=Munich/O=Evil Corp/OU=RnD/CN=some common name', 'CN': 'some common name', 'L': 'Munich', 'appspath': '/opt/splunk/etc/apps/create-my-certificate-please/apps', 'apptype': 'receiver', 'confpath': '/opt/splunk/etc/apps/create-my-certificate-please/myconfs/receiver.conf', 'APP_HOME': '/opt/splunk/etc/apps/create-my-certificate-please', 'caname': 'CA_myca', 'O': 'Evil Corp', 'cbconf': '1', 'servername': 'splunk-receiver', 'capw': 'capassword', 'C': 'DE', 'cbsplunkweb': '0', 'pw': 'serverpassword'}
ok
{'cbconf': '1', 'confpath': '$SPLUNK_HOME/etc/apps/create-my-certificate-please/myconfs/receiver.conf', 'apptype': 'receiver'}
{'L': 'Munich', 'subjstr': '/C=DE/ST=By/L=Munich/O=Evil Corp/OU=RnD/CN=some common name', 'pw': 'serverpassword', 'caname': 'CA_myca', 'cbconf': '1', 'APP_HOME': '/opt/splunk/etc/apps/create-my-certificate-please', 'OU': 'RnD', 'SPLUNK_HOME': '/opt/splunk', 'apptype': 'receiver', 'capw': 'capassword', 'ST': 'By', 'C': 'DE', 'cbsplunkweb': '0', 'CN': 'some common name', 'servername': 'splunk-receiver', 'confpath': '/opt/splunk/etc/apps/create-my-certificate-please/myconfs/receiver.conf', 'O': 'Evil Corp', 'appspath': '/opt/splunk/etc/apps/create-my-certificate-please/apps'}
ok
{'confpath': '$SPLUNK_HOME/etc/apps/create-my-certificate-please/myconfs/receiver.conf', 'cbconf': '1', 'apptype': 'sender'}
{'SPLUNK_HOME': '/opt/splunk', 'subjstr': '/C=DE/ST=By/L=Munich/O=Evil Corp/OU=RnD/CN=some common name', 'appspath': '/opt/splunk/etc/apps/create-my-certificate-please/apps', 'ST': 'By', 'cbconf': '1', 'CN': 'some common name', 'cbsplunkweb': '0', 'capw': 'capassword', 'servername': 'splunk-receiver', 'L': 'Munich', 'caname': 'CA_myca', 'O': 'Evil Corp', 'APP_HOME': '/opt/splunk/etc/apps/create-my-certificate-please', 'C': 'DE', 'pw': 'serverpassword', 'OU': 'RnD', 'confpath': '/opt/splunk/etc/apps/create-my-certificate-please/myconfs/receiver.conf', 'apptype': 'sender'}
ok
{'cbconf': '1', 'confpath': '$SPLUNK_HOME/etc/apps/create-my-certificate-please/myconfs/receiver.conf', 'apptype': 'receiver'}
{'cbconf': '1', 'servername': 'splunk-receiver', 'pw': 'serverpassword', 'SPLUNK_HOME': '/opt/splunk', 'L': 'Munich', 'APP_HOME': '/opt/splunk/etc/apps/create-my-certificate-please', 'C': 'DE', 'capw': 'capassword', 'O': 'Evil Corp', 'cbsplunkweb': '0', 'CN': 'some common name', 'caname': 'CA_myca', 'appspath': '/opt/splunk/etc/apps/create-my-certificate-please/apps', 'confpath': '/opt/splunk/etc/apps/create-my-certificate-please/myconfs/receiver.conf', 'OU': 'RnD', 'apptype': 'receiver', 'ST': 'By', 'subjstr': '/C=DE/ST=By/L=Munich/O=Evil Corp/OU=RnD/CN=some common name'}
ok
{'cbconf': '1', 'apptype': 'receiver', 'confpath': '$SPLUNK_HOME/etc/apps/create-my-certificate-please/myconfs/receiver.conf'}
{'CN': 'some common name', 'L': 'Munich', 'caname': 'CA_myca', 'SPLUNK_HOME': '/opt/splunk', 'appspath': '/opt/splunk/etc/apps/create-my-certificate-please/apps', 'ST': 'By', 'apptype': 'receiver', 'capw': 'capassword', 'servername': 'splunk-receiver', 'pw': 'serverpassword', 'cbconf': '1', 'O': 'Evil Corp', 'APP_HOME': '/opt/splunk/etc/apps/create-my-certificate-please', 'OU': 'RnD', 'confpath': '/opt/splunk/etc/apps/create-my-certificate-please/myconfs/receiver.conf', 'subjstr': '/C=DE/ST=By/L=Munich/O=Evil Corp/OU=RnD/CN=some common name', 'cbsplunkweb': '0', 'C': 'DE'}
ok
{'cbconf': '1', 'confpath': '$SPLUNK_HOME/etc/apps/create-my-certificate-please/myconfs/sender.conf'}
{'C': 'DE', 'CN': 'some common name', 'servername': 'splunk-sender', 'ST': 'By', 'confpath': '/opt/splunk/etc/apps/create-my-certificate-please/myconfs/sender.conf', 'O': 'Evil Corp', 'APP_HOME': '/opt/splunk/etc/apps/create-my-certificate-please', 'subjstr': '/C=DE/ST=By/L=Munich/O=Evil Corp/OU=RnD/CN=some common name', 'cbconf': '1', 'caname': 'CA_myca', 'pw': 'serverpassword', 'L': 'Munich', 'OU': 'RnD', 'capw': 'capassword', 'cbsplunkweb': '0', 'SPLUNK_HOME': '/opt/splunk'}
{'cbconf': '1', 'confpath': '$SPLUNK_HOME/etc/apps/create-my-certificate-please/myconfs/sender.conf', 'apptype': 'sender'}
{'apptype': 'sender', 'C': 'DE', 'capw': 'capassword', 'confpath': '/opt/splunk/etc/apps/create-my-certificate-please/myconfs/sender.conf', 'subjstr': '/C=DE/ST=By/L=Munich/O=Evil Corp/OU=RnD/CN=some common name', 'APP_HOME': '/opt/splunk/etc/apps/create-my-certificate-please', 'O': 'Evil Corp', 'cbconf': '1', 'servername': 'splunk-sender', 'pw': 'serverpassword', 'L': 'Munich', 'CN': 'some common name', 'OU': 'RnD', 'caname': 'CA_myca', 'cbsplunkweb': '0', 'SPLUNK_HOME': '/opt/splunk', 'appspath': '/opt/splunk/etc/apps/create-my-certificate-please/apps', 'ST': 'By'}
ok
{'confpath': '$SPLUNK_HOME/etc/apps/create-my-certificate-please/myconfs/sender.conf', 'cbconf': '1', 'apptype': 'sender'}
{'APP_HOME': '/opt/splunk/etc/apps/create-my-certificate-please', 'caname': 'CA_myca', 'L': 'Munich', 'servername': 'splunk-sender', 'confpath': '/opt/splunk/etc/apps/create-my-certificate-please/myconfs/sender.conf', 'OU': 'RnD', 'capw': 'capassword', 'cbconf': '1', 'O': 'Evil Corp', 'pw': 'serverpassword', 'SPLUNK_HOME': '/opt/splunk', 'cbsplunkweb': '0', 'subjstr': '/C=DE/ST=By/L=Munich/O=Evil Corp/OU=RnD/CN=some common name', 'CN': 'some common name', 'ST': 'By', 'apptype': 'sender', 'appspath': '/opt/splunk/etc/apps/create-my-certificate-please/apps', 'C': 'DE'}
ok
{'cbconf': '1', 'confpath': '$SPLUNK_HOME/etc/apps/create-my-certificate-please/myconfs/receiver.conf'}
{'caname': 'CA_myca', 'L': 'Munich', 'SPLUNK_HOME': '/opt/splunk', 'subjstr': '/C=DE/ST=By/L=Munich/O=Evil Corp/OU=RnD/CN=some common name', 'OU': 'RnD', 'capw': 'capassword', 'CN': 'some common name', 'servername': 'splunk-receiver', 'cbconf': '1', 'APP_HOME': '/opt/splunk/etc/apps/create-my-certificate-please', 'O': 'Evil Corp', 'cbsplunkweb': '0', 'pw': 'serverpassword', 'C': 'DE', 'confpath': '/opt/splunk/etc/apps/create-my-certificate-please/myconfs/receiver.conf', 'ST': 'By'}
{'cbconf': '1', 'apptype': 'receiver', 'confpath': '$SPLUNK_HOME/etc/apps/create-my-certificate-please/myconfs/receiver.conf'}
{'OU': 'RnD', 'CN': 'some common name', 'APP_HOME': '/opt/splunk/etc/apps/create-my-certificate-please', 'servername': 'splunk-receiver', 'O': 'Evil Corp', 'caname': 'CA_myca', 'SPLUNK_HOME': '/opt/splunk', 'confpath': '/opt/splunk/etc/apps/create-my-certificate-please/myconfs/receiver.conf', 'C': 'DE', 'appspath': '/opt/splunk/etc/apps/create-my-certificate-please/apps', 'ST': 'By', 'apptype': 'receiver', 'cbconf': '1', 'capw': 'capassword', 'cbsplunkweb': '0', 'L': 'Munich', 'subjstr': '/C=DE/ST=By/L=Munich/O=Evil Corp/OU=RnD/CN=some common name', 'pw': 'serverpassword'}
ok
/opt/splunk/etc/apps/create-my-certificate-please/certs
---------------------------------------
['/opt/splunk/etc/apps/create-my-certificate-please/bin/generate-ca-certs.py', 'cbconf=1', 'confpath=$SPLUNK_HOME/etc/apps/create-my-certificate-please/myconfs/myca.conf']
{'capw': 'capassword', 'caname': 'myca', 'cbconf': '1', 'subjstr': '/C=DE/ST=By/L=Munich/O=Evil Corp/OU=RnD/CN=some common name', 'C': 'DE', 'CN': 'some common name', 'L': 'Munich', 'confpath': '/opt/splunk/etc/apps/create-my-certificate-please/myconfs/myca.conf', 'OU': 'RnD', 'O': 'Evil Corp', 'ST': 'By'}
{'cbconf': '1', 'confpath': '$SPLUNK_HOME/etc/apps/create-my-certificate-please/myconfs/receiver.conf'}
{'cbconf': '1', 'caname': 'CA_myca', 'confpath': '/opt/splunk/etc/apps/create-my-certificate-please/myconfs/receiver.conf', 'OU': 'RnD', 'L': 'Munich', 'servername': 'splunk-receiver', 'capw': 'capassword', 'ST': 'By', 'C': 'DE', 'APP_HOME': '/opt/splunk/etc/apps/create-my-certificate-please', 'cbsplunkweb': '0', 'SPLUNK_HOME': '/opt/splunk', 'CN': 'some common name', 'subjstr': '/C=DE/ST=By/L=Munich/O=Evil Corp/OU=RnD/CN=some common name', 'O': 'Evil Corp', 'pw': 'serverpassword'}
{'confpath': '$SPLUNK_HOME/etc/apps/create-my-certificate-please/myconfs/receiver.conf', 'apptype': 'receiver', 'cbconf': '1'}
{'APP_HOME': '/opt/splunk/etc/apps/create-my-certificate-please', 'ST': 'By', 'subjstr': '/C=DE/ST=By/L=Munich/O=Evil Corp/OU=RnD/CN=some common name', 'caname': 'CA_myca', 'capw': 'capassword', 'OU': 'RnD', 'L': 'Munich', 'apptype': 'receiver', 'cbsplunkweb': '0', 'O': 'Evil Corp', 'appspath': '/opt/splunk/etc/apps/create-my-certificate-please/apps', 'confpath': '/opt/splunk/etc/apps/create-my-certificate-please/myconfs/receiver.conf', 'SPLUNK_HOME': '/opt/splunk', 'CN': 'some common name', 'C': 'DE', 'pw': 'serverpassword', 'cbconf': '1', 'servername': 'splunk-receiver'}
ok
{'confpath': '$SPLUNK_HOME/etc/apps/create-my-certificate-please/myconfs/sender.conf', 'cbconf': '1'}
{'cbsplunkweb': '0', 'L': 'Munich', 'caname': 'CA_myca', 'OU': 'RnD', 'confpath': '/opt/splunk/etc/apps/create-my-certificate-please/myconfs/sender.conf', 'O': 'Evil Corp', 'ST': 'By', 'cbconf': '1', 'servername': 'splunk-sender', 'capw': 'capassword', 'SPLUNK_HOME': '/opt/splunk', 'pw': 'serverpassword', 'APP_HOME': '/opt/splunk/etc/apps/create-my-certificate-please', 'C': 'DE', 'subjstr': '/C=DE/ST=By/L=Munich/O=Evil Corp/OU=RnD/CN=some common name', 'CN': 'some common name'}
{'apptype': 'sender', 'confpath': '$SPLUNK_HOME/etc/apps/create-my-certificate-please/myconfs/sender.conf', 'cbconf': '1'}
{'C': 'DE', 'ST': 'By', 'SPLUNK_HOME': '/opt/splunk', 'cbsplunkweb': '0', 'APP_HOME': '/opt/splunk/etc/apps/create-my-certificate-please', 'pw': 'serverpassword', 'capw': 'capassword', 'subjstr': '/C=DE/ST=By/L=Munich/O=Evil Corp/OU=RnD/CN=some common name', 'cbconf': '1', 'appspath': '/opt/splunk/etc/apps/create-my-certificate-please/apps', 'O': 'Evil Corp', 'confpath': '/opt/splunk/etc/apps/create-my-certificate-please/myconfs/sender.conf', 'servername': 'splunk-sender', 'OU': 'RnD', 'CN': 'some common name', 'L': 'Munich', 'apptype': 'sender', 'caname': 'CA_myca'}
ok
/opt/splunk/etc/apps/create-my-certificate-please/certs
---------------------------------------
['/opt/splunk/etc/apps/create-my-certificate-please/bin/generate-ca-certs.py', 'cbconf=0', 'caname=reginasca', 'capw=regina', 'subjstr=/C=DE/ST=/L=/O=Evil', 'Girls', 'Corp/OU=/CN=Regina', 'the', 'boss', 'email=']
/opt/splunk/etc/apps/create-my-certificate-please/certs
---------------------------------------
['/opt/splunk/etc/apps/create-my-certificate-please/bin/generate-ca-certs.py', 'cbconf=0', 'caname=reginasca', 'capw=regina', 'subjstr=/C=DE/ST=/L=/O=Evil', 'Girls', 'Corp/OU=/CN=Regina', 'the', 'boss', 'email=']
/opt/splunk/etc/apps/create-my-certificate-please/certs
---------------------------------------
['generate-ca-certs.py', 'cbconf=0', 'caname=reginasca', 'capw=regina', 'subjstr=/C=DE/ST=/L=/O=Evil', 'Girls', 'Corp/OU=/CN=Regina', 'the', 'boss', 'email=']
/opt/splunk/etc/apps/create-my-certificate-please/certs
---------------------------------------
['generate-ca-certs.py', 'cbconf=0', 'caname=reginasca', 'capw=regina', 'subjstr=/C=DE/ST=/L=/O=Evil', 'Girls', 'Corp/OU=/CN=Regina', 'the', 'boss', 'email=']
/opt/splunk/etc/apps/create-my-certificate-please/certs
---------------------------------------
['generate-ca-certs.py', 'cbconf=0', 'caname=reginasca', 'capw=regina', 'subjstr=/C=DE/ST=/L=/O=Evil', 'Girls', 'Corp/OU=/CN=Regina', 'the', 'boss', 'email=']
/opt/splunk/etc/apps/create-my-certificate-please/certs
---------------------------------------
['generate-ca-certs.py', 'cbconf=0', 'caname=reginasca', 'capw=regina', 'subjstr=/C=DE/ST=/L=/O=Evil', 'Girls', 'Corp/OU=/CN=Regina', 'the', 'boss', 'email=']
/opt/splunk/etc/apps/create-my-certificate-please/certs
---------------------------------------
['generate-ca-certs.py', 'cbconf=0', 'caname=reginasca', 'capw=regina', 'subjstr=/C=DE/ST=/L=/O=Evil', 'Girls', 'Corp/OU=/CN=Regina', 'the', 'boss', 'email=']
/opt/splunk/etc/apps/create-my-certificate-please/certs
---------------------------------------
['generate-ca-certs.py', 'cbconf=0', 'caname=reginasca', 'capw=regina', 'subjstr=/C=DE/ST=/L=/O=Evil', 'Girls', 'Corp/OU=/CN=Regina', 'the', 'boss', 'email=']
/opt/splunk/etc/apps/create-my-certificate-please/certs
---------------------------------------
['generate-ca-certs.py', 'cbconf=0', 'caname=reginasca', 'capw=regina', 'subjstr=/C=DE/ST=/L=/O=Evil Girls Corp/OU=/CN=Regina the boss', 'email=']
/opt/splunk/etc/apps/create-my-certificate-please/certs
---------------------------------------
['/opt/splunk/etc/apps/create-my-certificate-please/bin/generate-ca-certs.py', 'cbconf=0', 'caname=test', 'capw=test', 'subjstr=/C=de/ST=/L=/O=/OU=/CN=Boss with space', 'email=']
/opt/splunk/etc/apps/create-my-certificate-please/certs
---------------------------------------
['/opt/splunk/etc/apps/create-my-certificate-please/bin/generate-ca-certs.py', 'cbconf=0', 'caname=reginasca', 'capw=1234', 'subjstr=/C=de/ST=/L=/O=Evil Chicks Corp/OU=/CN=Bossy Girl', 'email=']
{'cbconf': '1', 'confpath': '$SPLUNK_HOME/etc/apps/create-my-certificate-please/myconfs/reg_sender.conf'}
{'OU': 'RnD', 'servername': 'splunk-sender', 'caname': 'CA_reginaca', 'SPLUNK_HOME': '/opt/splunk', 'confpath': '/opt/splunk/etc/apps/create-my-certificate-please/myconfs/reg_sender.conf', 'cbconf': '1', 'APP_HOME': '/opt/splunk/etc/apps/create-my-certificate-please', 'C': 'DE', 'ST': 'By', 'CN': 'some common name', 'capw': '1234', 'cbsplunkweb': '0', 'O': 'Evil Corp', 'L': 'Munich', 'pw': 'serverpassword', 'subjstr': '/C=DE/ST=By/L=Munich/O=Evil Corp/OU=RnD/CN=some common name'}
{'cbconf': '1', 'confpath': '$SPLUNK_HOME/etc/apps/create-my-certificate-please/myconfs/reg_sender.conf'}
{'cbsplunkweb': '0', 'caname': 'CA_reginaca', 'O': 'Evil Corp', 'capw': '1234', 'OU': 'RnD', 'confpath': '/opt/splunk/etc/apps/create-my-certificate-please/myconfs/reg_sender.conf', 'CN': 'some common name', 'ST': 'By', 'servername': 'splunk-sender', 'cbconf': '1', 'L': 'Munich', 'subjstr': '/C=DE/ST=By/L=Munich/O=Evil Corp/OU=RnD/CN=some common name', 'pw': 'serverpassword', 'C': 'DE', 'APP_HOME': '/opt/splunk/etc/apps/create-my-certificate-please', 'SPLUNK_HOME': '/opt/splunk'}
{'confpath': '/opt/splunk/etc/apps/create-my-certificate-please/myconfs/reg_sender.conf', 'cbconf': '1'}
{'CN': 'some common name', 'subjstr': '/C=DE/ST=By/L=Munich/O=Evil Corp/OU=RnD/CN=some common name', 'caname': 'CA_reginaca', 'capw': '1234', 'OU': 'RnD', 'SPLUNK_HOME': '/opt/splunk', 'L': 'Munich', 'ST': 'By', 'pw': 'serverpassword', 'C': 'DE', 'APP_HOME': '/opt/splunk/etc/apps/create-my-certificate-please', 'confpath': '/opt/splunk/etc/apps/create-my-certificate-please/myconfs/reg_sender.conf', 'O': 'Evil Corp', 'cbsplunkweb': '0', 'cbconf': '1', 'servername': 'splunk-sender'}
{'cbsplunkweb': '0', 'servername': 'asd', 'capw': '1234', 'email': '', 'subjstr': '/C=DE/ST=/L=/O=/OU=/CN=asd', 'caname': 'CA_reginasca', 'cbconf': '0', 'pw': 'asdasd'}
{'cbconf': '1', 'confpath': '$SPLUNK_HOME/etc/apps/create-my-certificate-please/myconfs/reg_sender.conf'}
{'O': 'Evil Corp', 'cbconf': '1', 'pw': 'serverpassword', 'subjstr': '/C=DE/ST=By/L=Munich/O=Evil Corp/OU=RnD/CN=some common name', 'APP_HOME': '/opt/splunk/etc/apps/create-my-certificate-please', 'confpath': '/opt/splunk/etc/apps/create-my-certificate-please/myconfs/reg_sender.conf', 'OU': 'RnD', 'C': 'DE', 'cbsplunkweb': '0', 'SPLUNK_HOME': '/opt/splunk', 'caname': 'CA_reginasca', 'L': 'Munich', 'CN': 'some common name', 'ST': 'By', 'servername': 'splunk-sender', 'capw': '1234'}
{'confpath': '$SPLUNK_HOME/etc/apps/create-my-certificate-please/myconfs/reg_sender.conf', 'cbconf': '1'}
{'servername': 'splunk-sender', 'L': 'Munich', 'caname': 'CA_reginasca', 'capw': '1234', 'cbconf': '1', 'pw': 'serverpassword', 'O': 'Evil Corp', 'confpath': '/opt/splunk/etc/apps/create-my-certificate-please/myconfs/reg_sender.conf', 'OU': 'RnD', 'CN': 'some common name', 'SPLUNK_HOME': '/opt/splunk', 'cbsplunkweb': '0', 'APP_HOME': '/opt/splunk/etc/apps/create-my-certificate-please', 'C': 'DE', 'ST': 'By', 'subjstr': '/C=DE/ST=By/L=Munich/O=Evil Corp/OU=RnD/CN=some common name'}
{'confpath': '$SPLUNK_HOME/etc/apps/create-my-certificate-please/myconfs/reg_sender.conf', 'cbconf': '1', 'apptype': 'sender'}
{'APP_HOME': '/opt/splunk/etc/apps/create-my-certificate-please', 'cbconf': '1', 'L': 'Munich', 'pw': 'serverpassword', 'cbsplunkweb': '0', 'C': 'DE', 'SPLUNK_HOME': '/opt/splunk', 'confpath': '/opt/splunk/etc/apps/create-my-certificate-please/myconfs/reg_sender.conf', 'OU': 'RnD', 'caname': 'CA_reginasca', 'CN': 'some common name', 'subjstr': '/C=DE/ST=By/L=Munich/O=Evil Corp/OU=RnD/CN=some common name', 'capw': '1234', 'servername': 'splunk-sender', 'ST': 'By', 'apptype': 'sender', 'appspath': '/opt/splunk/etc/apps/create-my-certificate-please/apps', 'O': 'Evil Corp'}
ok
{'cbconf': '1', 'apptype': 'receiver', 'confpath': '$SPLUNK_HOME/etc/apps/create-my-certificate-please/myconfs/reg_sender.conf'}
{'L': 'Munich', 'caname': 'CA_reginasca', 'OU': 'RnD', 'APP_HOME': '/opt/splunk/etc/apps/create-my-certificate-please', 'CN': 'some common name', 'confpath': '/opt/splunk/etc/apps/create-my-certificate-please/myconfs/reg_sender.conf', 'servername': 'splunk-sender', 'pw': 'serverpassword', 'cbconf': '1', 'O': 'Evil Corp', 'capw': '1234', 'C': 'DE', 'appspath': '/opt/splunk/etc/apps/create-my-certificate-please/apps', 'SPLUNK_HOME': '/opt/splunk', 'ST': 'By', 'apptype': 'receiver', 'cbsplunkweb': '0', 'subjstr': '/C=DE/ST=By/L=Munich/O=Evil Corp/OU=RnD/CN=some common name'}
ok
/opt/splunk/etc/apps/create-my-certificate-please/certs
---------------------------------------
['/opt/splunk/etc/apps/create-my-certificate-please/bin/generate-ca-certs.py', 'cbconf=0', 'caname=jgmca', 'capw=1234qwer', 'subjstr=/C=DE/ST=/L=/O=/OU=/CN=ca.jacoby-gm.at', 'email=']
{'email': 'jgm-hf.jacoby-gm.at', 'cbsplunkweb': '0', 'subjstr': '/C=AT/ST=/L=/O=/OU=/CN=', 'caname': 'CA_jgmca', 'cbconf': '0', 'servername': 'jgm-hf', 'pw': 'qwer1234', 'capw': '1234qwer'}
{'cbsplunkweb': '0', 'capw': '1234qwer', 'cbconf': '0', 'caname': 'CA_jgmca', 'pw': 'qwer1234', 'servername': 'jgm-hf', 'email': 'jgm-hf.jacoby-gm.at', 'subjstr': '/C=AT/ST=/L=/O=/OU=/CN='}
{'cbconf': '1', 'confpath': '$SPLUNK_HOME/etc/apps/create-my-certificate-please/myconfs/jgm-hf.conf'}
{'servername': 'jgm-hf', 'C': 'AT', 'cbsplunkweb': '0', 'L': '', 'capw': '1234qwer', 'OU': '', 'confpath': '/opt/splunk/etc/apps/create-my-certificate-please/myconfs/jgm-hf.conf', 'CN': 'jgm-hf.jacoby-gm.at', 'caname': 'CA_jgmca', 'SPLUNK_HOME': '/opt/splunk', 'ST': '', 'cbconf': '1', 'O': '', 'pw': 'hfpassword', 'APP_HOME': '/opt/splunk/etc/apps/create-my-certificate-please', 'subjstr': '/C=AT/ST=/L=/O=/OU=/CN=jgm-hf.jacoby-gm.at'}
{'cbconf': '1', 'apptype': 'sender', 'confpath': '$SPLUNK_HOME/etc/apps/create-my-certificate-please/myconfs/jgm-hf.conf'}
{'servername': 'jgm-hf', 'cbconf': '1', 'SPLUNK_HOME': '/opt/splunk', 'pw': 'hfpassword', 'L': '', 'C': 'AT', 'APP_HOME': '/opt/splunk/etc/apps/create-my-certificate-please', 'subjstr': '/C=AT/ST=/L=/O=/OU=/CN=jgm-hf.jacoby-gm.at', 'O': '', 'cbsplunkweb': '0', 'capw': '1234qwer', 'CN': 'jgm-hf.jacoby-gm.at', 'caname': 'CA_jgmca', 'appspath': '/opt/splunk/etc/apps/create-my-certificate-please/apps', 'OU': '', 'confpath': '/opt/splunk/etc/apps/create-my-certificate-please/myconfs/jgm-hf.conf', 'apptype': 'sender', 'ST': ''}
ok
{'confpath': '$SPLUNK_HOME/etc/apps/create-my-certificate-please/myconfs/jgm-hf.conf', 'cbconf': '1', 'apptype': 'receiver'}
{'C': 'AT', 'SPLUNK_HOME': '/opt/splunk', 'confpath': '/opt/splunk/etc/apps/create-my-certificate-please/myconfs/jgm-hf.conf', 'APP_HOME': '/opt/splunk/etc/apps/create-my-certificate-please', 'L': '', 'OU': '', 'cbsplunkweb': '0', 'caname': 'CA_jgmca', 'servername': 'jgm-hf', 'capw': '1234qwer', 'subjstr': '/C=AT/ST=/L=/O=/OU=/CN=jgm-hf.jacoby-gm.at', 'appspath': '/opt/splunk/etc/apps/create-my-certificate-please/apps', 'ST': '', 'apptype': 'receiver', 'CN': 'jgm-hf.jacoby-gm.at', 'pw': 'hfpassword', 'cbconf': '1', 'O': ''}
ok
/opt/splunk/etc/apps/create-my-certificate-please/certs
---------------------------------------
['/opt/splunk/etc/apps/create-my-certificate-please/bin/generate-ca-certs.py', 'cbconf=0', 'caname=jgm', 'capw=jgmcert202()', 'subjstr=/C=AT/ST=/L=/O=Jacoby GM/OU=/CN=jgm-ca.jacoby-gm.at', 'email=']
{'cbconf': '0', 'servername': 'servercert', 'cbsplunkweb': '0', 'subjstr': '/C=AT/ST=/L=/O=Jacoby', 'email': '', 'caname': 'CA_jgm', 'capw': 'jgmcert202()', 'pw': 'jgmcert202()', 'GM/OU': '/CN=servercert.jacoby-gm.at'}
{'cbconf': '1', 'confpath': '$SPLUNK_HOME/etc/apps/create-my-certificate-please/myconfs/jgm-hf.conf'}
{'pw': 'jgmcert202()', 'OU': '', 'ST': '', 'servername': 'servercert', 'CN': 'servercert.jacoby-gm.at', 'APP_HOME': '/opt/splunk/etc/apps/create-my-certificate-please', 'subjstr': '/C=AT/ST=/L=/O=Jacoby GM/OU=/CN=servercert.jacoby-gm.at', 'cbsplunkweb': '0', 'C': 'AT', 'caname': 'CA_jgm', 'capw': 'jgmcert202()', 'O': 'Jacoby GM', 'cbconf': '1', 'L': '', 'SPLUNK_HOME': '/opt/splunk', 'confpath': '/opt/splunk/etc/apps/create-my-certificate-please/myconfs/jgm-hf.conf'}
{'confpath': '$SPLUNK_HOME/etc/apps/create-my-certificate-please/myconfs/jgm-hf.conf', 'cbconf': '1', 'apptype': 'sender'}
{'cbsplunkweb': '0', 'C': 'AT', 'OU': '', 'confpath': '/opt/splunk/etc/apps/create-my-certificate-please/myconfs/jgm-hf.conf', 'servername': 'servercert', 'subjstr': '/C=AT/ST=/L=/O=Jacoby GM/OU=/CN=servercert.jacoby-gm.at', 'APP_HOME': '/opt/splunk/etc/apps/create-my-certificate-please', 'cbconf': '1', 'O': 'Jacoby GM', 'pw': 'jgmcert202()', 'capw': 'jgmcert202()', 'SPLUNK_HOME': '/opt/splunk', 'ST': '', 'apptype': 'sender', 'appspath': '/opt/splunk/etc/apps/create-my-certificate-please/apps', 'caname': 'CA_jgm', 'CN': 'servercert.jacoby-gm.at', 'L': ''}
ok
{'cbconf': '1', 'apptype': 'receiver', 'confpath': '$SPLUNK_HOME/etc/apps/create-my-certificate-please/myconfs/jgm-hf.conf'}
{'subjstr': '/C=AT/ST=/L=/O=Jacoby GM/OU=/CN=servercert.jacoby-gm.at', 'cbconf': '1', 'O': 'Jacoby GM', 'servername': 'servercert', 'CN': 'servercert.jacoby-gm.at', 'confpath': '/opt/splunk/etc/apps/create-my-certificate-please/myconfs/jgm-hf.conf', 'OU': '', 'appspath': '/opt/splunk/etc/apps/create-my-certificate-please/apps', 'SPLUNK_HOME': '/opt/splunk', 'ST': '', 'apptype': 'receiver', 'pw': 'jgmcert202()', 'capw': 'jgmcert202()', 'C': 'AT', 'APP_HOME': '/opt/splunk/etc/apps/create-my-certificate-please', 'caname': 'CA_jgm', 'cbsplunkweb': '0', 'L': ''}
ok
{'cbconf': '1', 'confpath': '$SPLUNK_HOME/etc/apps/create-my-certificate-please/myconf/jgm-fw.conf'}
[Errno 2] No such file or directory: '/opt/splunk/etc/apps/create-my-certificate-please/myconf/jgm-fw.conf'
{'cbconf': '1', 'confpath': '/opt/splunk/etc/apps/create-my-certificate-please/myconf/jgm-fw.conf', 'APP_HOME': '/opt/splunk/etc/apps/create-my-certificate-please', 'SPLUNK_HOME': '/opt/splunk'}
{'cbconf': '1', 'confpath': '$SPLUNK_HOME/etc/apps/create-my-certificate-please/myconfs/jgm-fw.conf'}
{'C': 'AT', 'caname': 'CA_jgm', 'cbconf': '1', 'L': '', 'SPLUNK_HOME': '/opt/splunk', 'confpath': '/opt/splunk/etc/apps/create-my-certificate-please/myconfs/jgm-fw.conf', 'pw': 'jgmcert202()', 'OU': '', 'capw': 'jgmcert202()', 'CN': 'forwardercert.jacoby-gm.at', 'O': 'Jacoby GM', 'ST': '', 'servername': 'forwardercert', 'APP_HOME': '/opt/splunk/etc/apps/create-my-certificate-please', 'subjstr': '/C=AT/ST=/L=/O=Jacoby GM/OU=/CN=forwardercert.jacoby-gm.at', 'cbsplunkweb': '0'}
{'confpath': '$SPLUNK_HOME/etc/apps/create-my-certificate-please/myconfs/jgm-fw.conf', 'apptype': 'sender', 'cbconf': '1'}
{'capw': 'jgmcert202()', 'CN': 'forwardercert.jacoby-gm.at', 'L': '', 'SPLUNK_HOME': '/opt/splunk', 'appspath': '/opt/splunk/etc/apps/create-my-certificate-please/apps', 'ST': '', 'confpath': '/opt/splunk/etc/apps/create-my-certificate-please/myconfs/jgm-fw.conf', 'servername': 'forwardercert', 'pw': 'jgmcert202()', 'apptype': 'sender', 'O': 'Jacoby GM', 'subjstr': '/C=AT/ST=/L=/O=Jacoby GM/OU=/CN=forwardercert.jacoby-gm.at', 'caname': 'CA_jgm', 'cbsplunkweb': '0', 'cbconf': '1', 'OU': '', 'APP_HOME': '/opt/splunk/etc/apps/create-my-certificate-please', 'C': 'AT'}
ok
