/opt/splunk/etc/apps/create-my-certificate-please/certs
---------------------------------------
['bin/generate-server-certs.py']
/opt/splunk/etc/apps/create-my-certificate-please/certs
---------------------------------------
['bin/generate-server-certs.py', 'cbconf=1', 'confpath=/etc/apps/create-my-certificate-please/bin/server_example.conf']
[Errno 2] No such file or directory: '/etc/apps/create-my-certificate-please/bin/server_example.conf'
/opt/splunk/etc/apps/create-my-certificate-please/certs
---------------------------------------
['bin/generate-server-certs.py', 'cbconf=1', 'confpath=/etc/apps/create-my-certificate-please/bin/server_example.conf']
[Errno 2] No such file or directory: '/etc/apps/create-my-certificate-please/bin/server_example.conf'
/opt/splunk/etc/apps/create-my-certificate-please/certs
---------------------------------------
['bin/generate-server-certs.py', 'cbconf=1', 'confpath=/etc/apps/create-my-certificate-please/bin/server_example.conf']
[Errno 2] No such file or directory: '/etc/apps/create-my-certificate-please/bin/server_example.conf'
{'cbconf': '1', 'confpath': '/opt/splunk//etc/apps/create-my-certificate-please/myconfs/sender.conf'}
{'OU': 'RnD', 'O': 'Evil Corp', 'confpath': '/opt/splunk//etc/apps/create-my-certificate-please/myconfs/sender.conf', 'L': 'Munich', 'APP_HOME': '/opt/splunk/etc/apps/create-my-certificate-please', 'servername': 'splunk-sender', 'capw': 'capassword', 'CN': 'some common name', 'caname': 'CA_myca', 'SPLUNK_HOME': '/opt/splunk', 'cbsplunkweb': '0', 'cbconf': '1', 'C': 'DE', 'subjstr': '/C=DE/ST=By/L=Munich/O=Evil Corp/OU=RnD/CN=some common name', 'pw': 'serverpassword', 'ST': 'By'}
{'apptype': 'sender', 'confpath': '/opt/splunk//etc/apps/create-my-certificate-please/myconfs/receiver.conf', 'cbconf': '1'}
{'cbsplunkweb': '0', 'caname': 'CA_myca', 'OU': 'RnD', 'APP_HOME': '/opt/splunk/etc/apps/create-my-certificate-please', 'C': 'DE', 'cbconf': '1', 'pw': 'serverpassword', 'apptype': 'sender', 'capw': 'capassword', 'servername': 'splunk-receiver', 'subjstr': '/C=DE/ST=By/L=Munich/O=Evil Corp/OU=RnD/CN=some common name', 'SPLUNK_HOME': '/opt/splunk', 'appspath': '/opt/splunk/etc/apps/create-my-certificate-please/apps', 'ST': 'By', 'O': 'Evil Corp', 'L': 'Munich', 'CN': 'some common name', 'confpath': '/opt/splunk//etc/apps/create-my-certificate-please/myconfs/receiver.conf'}
ok
{'confpath': '/opt/splunk//etc/apps/create-my-certificate-please/myconfs/receiver.conf', 'cbconf': '1', 'apptype': 'sender'}
{'capw': 'capassword', 'SPLUNK_HOME': '/opt/splunk', 'OU': 'RnD', 'caname': 'CA_myca', 'O': 'Evil Corp', 'L': 'Munich', 'servername': 'splunk-receiver', 'C': 'DE', 'APP_HOME': '/opt/splunk/etc/apps/create-my-certificate-please', 'confpath': '/opt/splunk//etc/apps/create-my-certificate-please/myconfs/receiver.conf', 'apptype': 'sender', 'pw': 'serverpassword', 'subjstr': '/C=DE/ST=By/L=Munich/O=Evil Corp/OU=RnD/CN=some common name', 'cbsplunkweb': '0', 'cbconf': '1', 'CN': 'some common name', 'appspath': '/opt/splunk/etc/apps/create-my-certificate-please/apps', 'ST': 'By'}
ok
{'apptype': 'sender', 'confpath': '/opt/splunk//etc/apps/create-my-certificate-please/myconfs/receiver.conf', 'cbconf': '1'}
{'apptype': 'sender', 'cbconf': '1', 'C': 'DE', 'APP_HOME': '/opt/splunk/etc/apps/create-my-certificate-please', 'confpath': '/opt/splunk//etc/apps/create-my-certificate-please/myconfs/receiver.conf', 'subjstr': '/C=DE/ST=By/L=Munich/O=Evil Corp/OU=RnD/CN=some common name', 'pw': 'serverpassword', 'L': 'Munich', 'cbsplunkweb': '0', 'capw': 'capassword', 'O': 'Evil Corp', 'ST': 'By', 'OU': 'RnD', 'CN': 'some common name', 'SPLUNK_HOME': '/opt/splunk', 'caname': 'CA_myca', 'servername': 'splunk-receiver', 'appspath': '/opt/splunk/etc/apps/create-my-certificate-please/apps'}
ok
{'cbconf': '1', 'confpath': '/opt/splunk//etc/apps/create-my-certificate-please/myconfs/receiver.conf', 'apptype': 'sender'}
{'APP_HOME': '/opt/splunk/etc/apps/create-my-certificate-please', 'C': 'DE', 'capw': 'capassword', 'servername': 'splunk-receiver', 'pw': 'serverpassword', 'SPLUNK_HOME': '/opt/splunk', 'L': 'Munich', 'subjstr': '/C=DE/ST=By/L=Munich/O=Evil Corp/OU=RnD/CN=some common name', 'appspath': '/opt/splunk/etc/apps/create-my-certificate-please/apps', 'confpath': '/opt/splunk//etc/apps/create-my-certificate-please/myconfs/receiver.conf', 'OU': 'RnD', 'apptype': 'sender', 'ST': 'By', 'cbsplunkweb': '0', 'O': 'Evil Corp', 'CN': 'some common name', 'cbconf': '1', 'caname': 'CA_myca'}
ok
{'cbconf': '1', 'confpath': '/opt/splunk//etc/apps/create-my-certificate-please/myconfs/receiver.conf', 'apptype': 'sender'}
{'caname': 'CA_myca', 'capw': 'capassword', 'apptype': 'sender', 'appspath': '/opt/splunk/etc/apps/create-my-certificate-please/apps', 'C': 'DE', 'cbconf': '1', 'confpath': '/opt/splunk//etc/apps/create-my-certificate-please/myconfs/receiver.conf', 'SPLUNK_HOME': '/opt/splunk', 'L': 'Munich', 'O': 'Evil Corp', 'OU': 'RnD', 'pw': 'serverpassword', 'ST': 'By', 'CN': 'some common name', 'servername': 'splunk-receiver', 'cbsplunkweb': '0', 'subjstr': '/C=DE/ST=By/L=Munich/O=Evil Corp/OU=RnD/CN=some common name', 'APP_HOME': '/opt/splunk/etc/apps/create-my-certificate-please'}
ok
